Unable to capture context for thread 21400 in process 15012, can not generate back trace
Unable to capture context for thread 21212 in process 15012, can not generate back trace
Unable to capture context for thread 9072 in process 15012, can not generate back trace
Unable to capture context for thread 21284 in process 15012, can not generate back trace
Unable to capture context for thread 21456 in process 15012, can not generate back trace
Unable to capture context for thread 1020 in process 15012, can not generate back trace
Unable to capture context for thread 6352 in process 15012, can not generate back trace
Unable to capture context for thread 17804 in process 15012, can not generate back trace
Unable to capture context for thread 7376 in process 15012, can not generate back trace
Unable to capture context for thread 17928 in process 15012, can not generate back trace
Exception at PC 0x00007FF8951CBB93
Printing stacktrace...

Unable to capture context for thread 9072 in process 15012, can not generate back trace
Unable to capture context for thread 21284 in process 15012, can not generate back trace
Unable to capture context for thread 6352 in process 15012, can not generate back trace
Exception at PC 0x00007FF92B683FB8
Exception at PC 0x00007FF92B683FB8
Exception at PC 0x00007FF92B683FB8
Exception at PC 0x00007FF92B683FB8
Exception at PC 0x00007FF92B683FB8
Exception at PC 0x00007FF92B683FB8
Exception at PC 0x00007FF92B683FB8
Exception at PC 0x00007FF92B683FB8
Exception at PC 0x00007FF92B683FB8
Exception at PC 0x00007FF92B683FB8
Exception at PC 0x00007FF92B683FB8
Exception at PC 0x00007FF92B683FB8
Exception at PC 0x00007FF92B683FB8
[0]  [0x00007FF8951CBB93]
[1]  [0x00007FF8951CBB93]
[2]  [0x00007FF8951CB4A1]
[3]  [0x00007FF8951CB459]
[4]  [0x00007FF8951B19FE]
[5]  [0x00007FF8951B0ED1]
[6]  [0x00007FF8951B0D76]
[7]  [0x00007FF8951579F6]
[8]  [0x00007FF895147AFB]
[9]  [0x00007FF89526E90A]
[10]  [0x00007FF895289F87]
[11]  [0x00007FF89528A05F]
[12] (BaseThreadInitThunk+0x14) [0x00007FF92E5C1FE4]
[13] (RtlUserThreadStart+0x21) [0x00007FF92E7FEF91]
Done
Exception at PC 0x00007FF92B683FB8
Exception at PC 0x00007FF92B683FB8
Exception at PC 0x00007FF92B683FB8
Exception at PC 0x00007FF92B683FB8
Exception at PC 0x00007FF92B683FB8
