Copyright 1986-2016 Xilinx, Inc. All Rights Reserved.
----------------------------------------------------------------------------------------------------------------------------------------
| Tool Version     : Vivado v.2016.4 (win64) Build 1756540 Mon Jan 23 19:11:23 MST 2017
| Date             : Thu Dec 07 14:38:42 2017
| Host             : Steven-Surface running 64-bit major release  (build 9200)
| Command          : report_power -file nexys4_power_routed.rpt -pb nexys4_power_summary_routed.pb -rpx nexys4_power_routed.rpx
| Design           : nexys4
| Device           : xc7a100tcsg324-1
| Design State     : routed
| Grade            : commercial
| Process          : typical
| Characterization : Production
----------------------------------------------------------------------------------------------------------------------------------------

Power Report

Table of Contents
-----------------
1. Summary
1.1 On-Chip Components
1.2 Power Supply Summary
1.3 Confidence Level
2. Settings
2.1 Environment
2.2 Clock Constraints
3. Detailed Reports
3.1 By Hierarchy

1. Summary
----------

+--------------------------+-------+
| Total On-Chip Power (W)  | 0.191 |
| Dynamic (W)              | 0.094 |
| Device Static (W)        | 0.097 |
| Effective TJA (C/W)      | 4.6   |
| Max Ambient (C)          | 84.1  |
| Junction Temperature (C) | 25.9  |
| Confidence Level         | Low   |
| Setting File             | ---   |
| Simulation Activity File | ---   |
| Design Nets Matched      | NA    |
+--------------------------+-------+


1.1 On-Chip Components
----------------------

+--------------------------+-----------+----------+-----------+-----------------+
| On-Chip                  | Power (W) | Used     | Available | Utilization (%) |
+--------------------------+-----------+----------+-----------+-----------------+
| Clocks                   |     0.002 |        3 |       --- |             --- |
| Slice Logic              |     0.024 |    10587 |       --- |             --- |
|   LUT as Logic           |     0.021 |     2266 |     63400 |            3.57 |
|   LUT as Distributed RAM |     0.002 |     4096 |     19000 |           21.56 |
|   CARRY4                 |     0.001 |      244 |     15850 |            1.54 |
|   F7/F8 Muxes            |    <0.001 |     3329 |     63400 |            5.25 |
|   Register               |    <0.001 |      427 |    126800 |            0.34 |
|   BUFG                   |    <0.001 |        1 |        32 |            3.13 |
|   Others                 |     0.000 |       30 |       --- |             --- |
| Signals                  |     0.054 |     3725 |       --- |             --- |
| DSPs                     |    <0.001 |        1 |       240 |            0.42 |
| I/O                      |     0.012 |       49 |       210 |           23.33 |
| Static Power             |     0.097 |          |           |                 |
| Total                    |     0.191 |          |           |                 |
+--------------------------+-----------+----------+-----------+-----------------+


1.2 Power Supply Summary
------------------------

+-----------+-------------+-----------+-------------+------------+
| Source    | Voltage (V) | Total (A) | Dynamic (A) | Static (A) |
+-----------+-------------+-----------+-------------+------------+
| Vccint    |       1.000 |     0.097 |       0.082 |      0.015 |
| Vccaux    |       1.800 |     0.019 |       0.000 |      0.018 |
| Vcco33    |       3.300 |     0.007 |       0.003 |      0.004 |
| Vcco25    |       2.500 |     0.000 |       0.000 |      0.000 |
| Vcco18    |       1.800 |     0.000 |       0.000 |      0.000 |
| Vcco15    |       1.500 |     0.000 |       0.000 |      0.000 |
| Vcco135   |       1.350 |     0.000 |       0.000 |      0.000 |
| Vcco12    |       1.200 |     0.000 |       0.000 |      0.000 |
| Vccaux_io |       1.800 |     0.000 |       0.000 |      0.000 |
| Vccbram   |       1.000 |     0.000 |       0.000 |      0.000 |
| MGTAVcc   |       1.000 |     0.000 |       0.000 |      0.000 |
| MGTAVtt   |       1.200 |     0.000 |       0.000 |      0.000 |
| Vccadc    |       1.800 |     0.020 |       0.000 |      0.020 |
+-----------+-------------+-----------+-------------+------------+


1.3 Confidence Level
--------------------

+-----------------------------+------------+--------------------------------------------------------+--------------------------------------------------------------------------------------------------------------------+
| User Input Data             | Confidence | Details                                                | Action                                                                                                             |
+-----------------------------+------------+--------------------------------------------------------+--------------------------------------------------------------------------------------------------------------------+
| Design implementation state | High       | Design is routed                                       |                                                                                                                    |
| Clock nodes activity        | Low        | User specified less than 75% of clocks                 | Provide missing clock activity with a constraint file, simulation results or by editing the "By Clock Domain" view |
| I/O nodes activity          | Low        | More than 75% of inputs are missing user specification | Provide missing input activity with simulation results or by editing the "By Resource Type -> I/Os" view           |
| Internal nodes activity     | Medium     | User specified less than 25% of internal nodes         | Provide missing internal nodes activity with simulation results or by editing the "By Resource Type" views         |
| Device models               | High       | Device models are Production                           |                                                                                                                    |
|                             |            |                                                        |                                                                                                                    |
| Overall confidence level    | Low        |                                                        |                                                                                                                    |
+-----------------------------+------------+--------------------------------------------------------+--------------------------------------------------------------------------------------------------------------------+


2. Settings
-----------

2.1 Environment
---------------

+-----------------------+--------------------------+
| Ambient Temp (C)      | 25.0                     |
| ThetaJA (C/W)         | 4.6                      |
| Airflow (LFM)         | 250                      |
| Heat Sink             | medium (Medium Profile)  |
| ThetaSA (C/W)         | 4.6                      |
| Board Selection       | medium (10"x10")         |
| # of Board Layers     | 12to15 (12 to 15 Layers) |
| Board Temperature (C) | 25.0                     |
+-----------------------+--------------------------+


2.2 Clock Constraints
---------------------

+-------------+--------+-----------------+
| Clock       | Domain | Constraint (ns) |
+-------------+--------+-----------------+
| sys_clk_pin | CLK    |            10.0 |
+-------------+--------+-----------------+


3. Detailed Reports
-------------------

3.1 By Hierarchy
----------------

+-----------------------------------+-----------+
| Name                              | Power (W) |
+-----------------------------------+-----------+
| nexys4                            |     0.094 |
|   inst_UART_RX_CTRL               |     0.001 |
|   inst_UART_TX_CTRL               |    <0.001 |
|   inst_btn_debounce               |    <0.001 |
|   the_cpu                         |     0.076 |
|     alunit                        |    <0.001 |
|     immed_reg                     |    <0.001 |
|     instr_reg                     |    <0.001 |
|     mem                           |     0.004 |
|       ramchip                     |     0.004 |
|         mem_reg_0_255_0_0         |    <0.001 |
|         mem_reg_0_255_10_10       |    <0.001 |
|         mem_reg_0_255_11_11       |    <0.001 |
|         mem_reg_0_255_12_12       |    <0.001 |
|         mem_reg_0_255_13_13       |    <0.001 |
|         mem_reg_0_255_14_14       |    <0.001 |
|         mem_reg_0_255_15_15       |    <0.001 |
|         mem_reg_0_255_1_1         |    <0.001 |
|         mem_reg_0_255_2_2         |    <0.001 |
|         mem_reg_0_255_3_3         |    <0.001 |
|         mem_reg_0_255_4_4         |    <0.001 |
|         mem_reg_0_255_5_5         |    <0.001 |
|         mem_reg_0_255_6_6         |    <0.001 |
|         mem_reg_0_255_7_7         |    <0.001 |
|         mem_reg_0_255_8_8         |    <0.001 |
|         mem_reg_0_255_9_9         |    <0.001 |
|         mem_reg_10240_10495_0_0   |    <0.001 |
|         mem_reg_10240_10495_10_10 |    <0.001 |
|         mem_reg_10240_10495_11_11 |    <0.001 |
|         mem_reg_10240_10495_12_12 |    <0.001 |
|         mem_reg_10240_10495_13_13 |    <0.001 |
|         mem_reg_10240_10495_14_14 |    <0.001 |
|         mem_reg_10240_10495_15_15 |    <0.001 |
|         mem_reg_10240_10495_1_1   |    <0.001 |
|         mem_reg_10240_10495_2_2   |    <0.001 |
|         mem_reg_10240_10495_3_3   |    <0.001 |
|         mem_reg_10240_10495_4_4   |    <0.001 |
|         mem_reg_10240_10495_5_5   |    <0.001 |
|         mem_reg_10240_10495_6_6   |    <0.001 |
|         mem_reg_10240_10495_7_7   |    <0.001 |
|         mem_reg_10240_10495_8_8   |    <0.001 |
|         mem_reg_10240_10495_9_9   |    <0.001 |
|         mem_reg_1024_1279_0_0     |    <0.001 |
|         mem_reg_1024_1279_10_10   |    <0.001 |
|         mem_reg_1024_1279_11_11   |    <0.001 |
|         mem_reg_1024_1279_12_12   |    <0.001 |
|         mem_reg_1024_1279_13_13   |    <0.001 |
|         mem_reg_1024_1279_14_14   |    <0.001 |
|         mem_reg_1024_1279_15_15   |    <0.001 |
|         mem_reg_1024_1279_1_1     |    <0.001 |
|         mem_reg_1024_1279_2_2     |    <0.001 |
|         mem_reg_1024_1279_3_3     |    <0.001 |
|         mem_reg_1024_1279_4_4     |    <0.001 |
|         mem_reg_1024_1279_5_5     |    <0.001 |
|         mem_reg_1024_1279_6_6     |    <0.001 |
|         mem_reg_1024_1279_7_7     |    <0.001 |
|         mem_reg_1024_1279_8_8     |    <0.001 |
|         mem_reg_1024_1279_9_9     |    <0.001 |
|         mem_reg_10496_10751_0_0   |    <0.001 |
|         mem_reg_10496_10751_10_10 |    <0.001 |
|         mem_reg_10496_10751_11_11 |    <0.001 |
|         mem_reg_10496_10751_12_12 |    <0.001 |
|         mem_reg_10496_10751_13_13 |    <0.001 |
|         mem_reg_10496_10751_14_14 |    <0.001 |
|         mem_reg_10496_10751_15_15 |    <0.001 |
|         mem_reg_10496_10751_1_1   |    <0.001 |
|         mem_reg_10496_10751_2_2   |    <0.001 |
|         mem_reg_10496_10751_3_3   |    <0.001 |
|         mem_reg_10496_10751_4_4   |    <0.001 |
|         mem_reg_10496_10751_5_5   |    <0.001 |
|         mem_reg_10496_10751_6_6   |    <0.001 |
|         mem_reg_10496_10751_7_7   |    <0.001 |
|         mem_reg_10496_10751_8_8   |    <0.001 |
|         mem_reg_10496_10751_9_9   |    <0.001 |
|         mem_reg_10752_11007_0_0   |    <0.001 |
|         mem_reg_10752_11007_10_10 |    <0.001 |
|         mem_reg_10752_11007_11_11 |    <0.001 |
|         mem_reg_10752_11007_12_12 |    <0.001 |
|         mem_reg_10752_11007_13_13 |    <0.001 |
|         mem_reg_10752_11007_14_14 |    <0.001 |
|         mem_reg_10752_11007_15_15 |    <0.001 |
|         mem_reg_10752_11007_1_1   |    <0.001 |
|         mem_reg_10752_11007_2_2   |    <0.001 |
|         mem_reg_10752_11007_3_3   |    <0.001 |
|         mem_reg_10752_11007_4_4   |    <0.001 |
|         mem_reg_10752_11007_5_5   |    <0.001 |
|         mem_reg_10752_11007_6_6   |    <0.001 |
|         mem_reg_10752_11007_7_7   |    <0.001 |
|         mem_reg_10752_11007_8_8   |    <0.001 |
|         mem_reg_10752_11007_9_9   |    <0.001 |
|         mem_reg_11008_11263_0_0   |    <0.001 |
|         mem_reg_11008_11263_10_10 |    <0.001 |
|         mem_reg_11008_11263_11_11 |    <0.001 |
|         mem_reg_11008_11263_12_12 |    <0.001 |
|         mem_reg_11008_11263_13_13 |    <0.001 |
|         mem_reg_11008_11263_14_14 |    <0.001 |
|         mem_reg_11008_11263_15_15 |    <0.001 |
|         mem_reg_11008_11263_1_1   |    <0.001 |
|         mem_reg_11008_11263_2_2   |    <0.001 |
|         mem_reg_11008_11263_3_3   |    <0.001 |
|         mem_reg_11008_11263_4_4   |    <0.001 |
|         mem_reg_11008_11263_5_5   |    <0.001 |
|         mem_reg_11008_11263_6_6   |    <0.001 |
|         mem_reg_11008_11263_7_7   |    <0.001 |
|         mem_reg_11008_11263_8_8   |    <0.001 |
|         mem_reg_11008_11263_9_9   |    <0.001 |
|         mem_reg_11264_11519_0_0   |    <0.001 |
|         mem_reg_11264_11519_10_10 |    <0.001 |
|         mem_reg_11264_11519_11_11 |    <0.001 |
|         mem_reg_11264_11519_12_12 |    <0.001 |
|         mem_reg_11264_11519_13_13 |    <0.001 |
|         mem_reg_11264_11519_14_14 |    <0.001 |
|         mem_reg_11264_11519_15_15 |    <0.001 |
|         mem_reg_11264_11519_1_1   |    <0.001 |
|         mem_reg_11264_11519_2_2   |    <0.001 |
|         mem_reg_11264_11519_3_3   |    <0.001 |
|         mem_reg_11264_11519_4_4   |    <0.001 |
|         mem_reg_11264_11519_5_5   |    <0.001 |
|         mem_reg_11264_11519_6_6   |    <0.001 |
|         mem_reg_11264_11519_7_7   |    <0.001 |
|         mem_reg_11264_11519_8_8   |    <0.001 |
|         mem_reg_11264_11519_9_9   |    <0.001 |
|         mem_reg_11520_11775_0_0   |    <0.001 |
|         mem_reg_11520_11775_10_10 |    <0.001 |
|         mem_reg_11520_11775_11_11 |    <0.001 |
|         mem_reg_11520_11775_12_12 |    <0.001 |
|         mem_reg_11520_11775_13_13 |    <0.001 |
|         mem_reg_11520_11775_14_14 |    <0.001 |
|         mem_reg_11520_11775_15_15 |    <0.001 |
|         mem_reg_11520_11775_1_1   |    <0.001 |
|         mem_reg_11520_11775_2_2   |    <0.001 |
|         mem_reg_11520_11775_3_3   |    <0.001 |
|         mem_reg_11520_11775_4_4   |    <0.001 |
|         mem_reg_11520_11775_5_5   |    <0.001 |
|         mem_reg_11520_11775_6_6   |    <0.001 |
|         mem_reg_11520_11775_7_7   |    <0.001 |
|         mem_reg_11520_11775_8_8   |    <0.001 |
|         mem_reg_11520_11775_9_9   |    <0.001 |
|         mem_reg_11776_12031_0_0   |    <0.001 |
|         mem_reg_11776_12031_10_10 |    <0.001 |
|         mem_reg_11776_12031_11_11 |    <0.001 |
|         mem_reg_11776_12031_12_12 |    <0.001 |
|         mem_reg_11776_12031_13_13 |    <0.001 |
|         mem_reg_11776_12031_14_14 |    <0.001 |
|         mem_reg_11776_12031_15_15 |    <0.001 |
|         mem_reg_11776_12031_1_1   |    <0.001 |
|         mem_reg_11776_12031_2_2   |    <0.001 |
|         mem_reg_11776_12031_3_3   |    <0.001 |
|         mem_reg_11776_12031_4_4   |    <0.001 |
|         mem_reg_11776_12031_5_5   |    <0.001 |
|         mem_reg_11776_12031_6_6   |    <0.001 |
|         mem_reg_11776_12031_7_7   |    <0.001 |
|         mem_reg_11776_12031_8_8   |    <0.001 |
|         mem_reg_11776_12031_9_9   |    <0.001 |
|         mem_reg_12032_12287_0_0   |    <0.001 |
|         mem_reg_12032_12287_10_10 |    <0.001 |
|         mem_reg_12032_12287_11_11 |    <0.001 |
|         mem_reg_12032_12287_12_12 |    <0.001 |
|         mem_reg_12032_12287_13_13 |    <0.001 |
|         mem_reg_12032_12287_14_14 |    <0.001 |
|         mem_reg_12032_12287_15_15 |    <0.001 |
|         mem_reg_12032_12287_1_1   |    <0.001 |
|         mem_reg_12032_12287_2_2   |    <0.001 |
|         mem_reg_12032_12287_3_3   |    <0.001 |
|         mem_reg_12032_12287_4_4   |    <0.001 |
|         mem_reg_12032_12287_5_5   |    <0.001 |
|         mem_reg_12032_12287_6_6   |    <0.001 |
|         mem_reg_12032_12287_7_7   |    <0.001 |
|         mem_reg_12032_12287_8_8   |    <0.001 |
|         mem_reg_12032_12287_9_9   |    <0.001 |
|         mem_reg_12288_12543_0_0   |    <0.001 |
|         mem_reg_12288_12543_10_10 |    <0.001 |
|         mem_reg_12288_12543_11_11 |    <0.001 |
|         mem_reg_12288_12543_12_12 |    <0.001 |
|         mem_reg_12288_12543_13_13 |    <0.001 |
|         mem_reg_12288_12543_14_14 |    <0.001 |
|         mem_reg_12288_12543_15_15 |    <0.001 |
|         mem_reg_12288_12543_1_1   |    <0.001 |
|         mem_reg_12288_12543_2_2   |    <0.001 |
|         mem_reg_12288_12543_3_3   |    <0.001 |
|         mem_reg_12288_12543_4_4   |    <0.001 |
|         mem_reg_12288_12543_5_5   |    <0.001 |
|         mem_reg_12288_12543_6_6   |    <0.001 |
|         mem_reg_12288_12543_7_7   |    <0.001 |
|         mem_reg_12288_12543_8_8   |    <0.001 |
|         mem_reg_12288_12543_9_9   |    <0.001 |
|         mem_reg_12544_12799_0_0   |    <0.001 |
|         mem_reg_12544_12799_10_10 |    <0.001 |
|         mem_reg_12544_12799_11_11 |    <0.001 |
|         mem_reg_12544_12799_12_12 |    <0.001 |
|         mem_reg_12544_12799_13_13 |    <0.001 |
|         mem_reg_12544_12799_14_14 |    <0.001 |
|         mem_reg_12544_12799_15_15 |    <0.001 |
|         mem_reg_12544_12799_1_1   |    <0.001 |
|         mem_reg_12544_12799_2_2   |    <0.001 |
|         mem_reg_12544_12799_3_3   |    <0.001 |
|         mem_reg_12544_12799_4_4   |    <0.001 |
|         mem_reg_12544_12799_5_5   |    <0.001 |
|         mem_reg_12544_12799_6_6   |    <0.001 |
|         mem_reg_12544_12799_7_7   |    <0.001 |
|         mem_reg_12544_12799_8_8   |    <0.001 |
|         mem_reg_12544_12799_9_9   |    <0.001 |
|         mem_reg_12800_13055_0_0   |    <0.001 |
|         mem_reg_12800_13055_10_10 |    <0.001 |
|         mem_reg_12800_13055_11_11 |    <0.001 |
|         mem_reg_12800_13055_12_12 |    <0.001 |
|         mem_reg_12800_13055_13_13 |    <0.001 |
|         mem_reg_12800_13055_14_14 |    <0.001 |
|         mem_reg_12800_13055_15_15 |    <0.001 |
|         mem_reg_12800_13055_1_1   |    <0.001 |
|         mem_reg_12800_13055_2_2   |    <0.001 |
|         mem_reg_12800_13055_3_3   |    <0.001 |
|         mem_reg_12800_13055_4_4   |    <0.001 |
|         mem_reg_12800_13055_5_5   |    <0.001 |
|         mem_reg_12800_13055_6_6   |    <0.001 |
|         mem_reg_12800_13055_7_7   |    <0.001 |
|         mem_reg_12800_13055_8_8   |    <0.001 |
|         mem_reg_12800_13055_9_9   |    <0.001 |
|         mem_reg_1280_1535_0_0     |    <0.001 |
|         mem_reg_1280_1535_10_10   |    <0.001 |
|         mem_reg_1280_1535_11_11   |    <0.001 |
|         mem_reg_1280_1535_12_12   |    <0.001 |
|         mem_reg_1280_1535_13_13   |    <0.001 |
|         mem_reg_1280_1535_14_14   |    <0.001 |
|         mem_reg_1280_1535_15_15   |    <0.001 |
|         mem_reg_1280_1535_1_1     |    <0.001 |
|         mem_reg_1280_1535_2_2     |    <0.001 |
|         mem_reg_1280_1535_3_3     |    <0.001 |
|         mem_reg_1280_1535_4_4     |    <0.001 |
|         mem_reg_1280_1535_5_5     |    <0.001 |
|         mem_reg_1280_1535_6_6     |    <0.001 |
|         mem_reg_1280_1535_7_7     |    <0.001 |
|         mem_reg_1280_1535_8_8     |    <0.001 |
|         mem_reg_1280_1535_9_9     |    <0.001 |
|         mem_reg_13056_13311_0_0   |    <0.001 |
|         mem_reg_13056_13311_10_10 |    <0.001 |
|         mem_reg_13056_13311_11_11 |    <0.001 |
|         mem_reg_13056_13311_12_12 |    <0.001 |
|         mem_reg_13056_13311_13_13 |    <0.001 |
|         mem_reg_13056_13311_14_14 |    <0.001 |
|         mem_reg_13056_13311_15_15 |    <0.001 |
|         mem_reg_13056_13311_1_1   |    <0.001 |
|         mem_reg_13056_13311_2_2   |    <0.001 |
|         mem_reg_13056_13311_3_3   |    <0.001 |
|         mem_reg_13056_13311_4_4   |    <0.001 |
|         mem_reg_13056_13311_5_5   |    <0.001 |
|         mem_reg_13056_13311_6_6   |    <0.001 |
|         mem_reg_13056_13311_7_7   |    <0.001 |
|         mem_reg_13056_13311_8_8   |    <0.001 |
|         mem_reg_13056_13311_9_9   |    <0.001 |
|         mem_reg_13312_13567_0_0   |    <0.001 |
|         mem_reg_13312_13567_10_10 |    <0.001 |
|         mem_reg_13312_13567_11_11 |    <0.001 |
|         mem_reg_13312_13567_12_12 |    <0.001 |
|         mem_reg_13312_13567_13_13 |    <0.001 |
|         mem_reg_13312_13567_14_14 |    <0.001 |
|         mem_reg_13312_13567_15_15 |    <0.001 |
|         mem_reg_13312_13567_1_1   |    <0.001 |
|         mem_reg_13312_13567_2_2   |    <0.001 |
|         mem_reg_13312_13567_3_3   |    <0.001 |
|         mem_reg_13312_13567_4_4   |    <0.001 |
|         mem_reg_13312_13567_5_5   |    <0.001 |
|         mem_reg_13312_13567_6_6   |    <0.001 |
|         mem_reg_13312_13567_7_7   |    <0.001 |
|         mem_reg_13312_13567_8_8   |    <0.001 |
|         mem_reg_13312_13567_9_9   |    <0.001 |
|         mem_reg_13568_13823_0_0   |    <0.001 |
|         mem_reg_13568_13823_10_10 |    <0.001 |
|         mem_reg_13568_13823_11_11 |    <0.001 |
|         mem_reg_13568_13823_12_12 |    <0.001 |
|         mem_reg_13568_13823_13_13 |    <0.001 |
|         mem_reg_13568_13823_14_14 |    <0.001 |
|         mem_reg_13568_13823_15_15 |    <0.001 |
|         mem_reg_13568_13823_1_1   |    <0.001 |
|         mem_reg_13568_13823_2_2   |    <0.001 |
|         mem_reg_13568_13823_3_3   |    <0.001 |
|         mem_reg_13568_13823_4_4   |    <0.001 |
|         mem_reg_13568_13823_5_5   |    <0.001 |
|         mem_reg_13568_13823_6_6   |    <0.001 |
|         mem_reg_13568_13823_7_7   |    <0.001 |
|         mem_reg_13568_13823_8_8   |    <0.001 |
|         mem_reg_13568_13823_9_9   |    <0.001 |
|         mem_reg_13824_14079_0_0   |    <0.001 |
|         mem_reg_13824_14079_10_10 |    <0.001 |
|         mem_reg_13824_14079_11_11 |    <0.001 |
|         mem_reg_13824_14079_12_12 |    <0.001 |
|         mem_reg_13824_14079_13_13 |    <0.001 |
|         mem_reg_13824_14079_14_14 |    <0.001 |
|         mem_reg_13824_14079_15_15 |    <0.001 |
|         mem_reg_13824_14079_1_1   |    <0.001 |
|         mem_reg_13824_14079_2_2   |    <0.001 |
|         mem_reg_13824_14079_3_3   |    <0.001 |
|         mem_reg_13824_14079_4_4   |    <0.001 |
|         mem_reg_13824_14079_5_5   |    <0.001 |
|         mem_reg_13824_14079_6_6   |    <0.001 |
|         mem_reg_13824_14079_7_7   |    <0.001 |
|         mem_reg_13824_14079_8_8   |    <0.001 |
|         mem_reg_13824_14079_9_9   |    <0.001 |
|         mem_reg_14080_14335_0_0   |    <0.001 |
|         mem_reg_14080_14335_10_10 |    <0.001 |
|         mem_reg_14080_14335_11_11 |    <0.001 |
|         mem_reg_14080_14335_12_12 |    <0.001 |
|         mem_reg_14080_14335_13_13 |    <0.001 |
|         mem_reg_14080_14335_14_14 |    <0.001 |
|         mem_reg_14080_14335_15_15 |    <0.001 |
|         mem_reg_14080_14335_1_1   |    <0.001 |
|         mem_reg_14080_14335_2_2   |    <0.001 |
|         mem_reg_14080_14335_3_3   |    <0.001 |
|         mem_reg_14080_14335_4_4   |    <0.001 |
|         mem_reg_14080_14335_5_5   |    <0.001 |
|         mem_reg_14080_14335_6_6   |    <0.001 |
|         mem_reg_14080_14335_7_7   |    <0.001 |
|         mem_reg_14080_14335_8_8   |    <0.001 |
|         mem_reg_14080_14335_9_9   |    <0.001 |
|         mem_reg_14336_14591_0_0   |    <0.001 |
|         mem_reg_14336_14591_10_10 |    <0.001 |
|         mem_reg_14336_14591_11_11 |    <0.001 |
|         mem_reg_14336_14591_12_12 |    <0.001 |
|         mem_reg_14336_14591_13_13 |    <0.001 |
|         mem_reg_14336_14591_14_14 |    <0.001 |
|         mem_reg_14336_14591_15_15 |    <0.001 |
|         mem_reg_14336_14591_1_1   |    <0.001 |
|         mem_reg_14336_14591_2_2   |    <0.001 |
|         mem_reg_14336_14591_3_3   |    <0.001 |
|         mem_reg_14336_14591_4_4   |    <0.001 |
|         mem_reg_14336_14591_5_5   |    <0.001 |
|         mem_reg_14336_14591_6_6   |    <0.001 |
|         mem_reg_14336_14591_7_7   |    <0.001 |
|         mem_reg_14336_14591_8_8   |    <0.001 |
|         mem_reg_14336_14591_9_9   |    <0.001 |
|         mem_reg_14592_14847_0_0   |    <0.001 |
|         mem_reg_14592_14847_10_10 |    <0.001 |
|         mem_reg_14592_14847_11_11 |    <0.001 |
|         mem_reg_14592_14847_12_12 |    <0.001 |
|         mem_reg_14592_14847_13_13 |    <0.001 |
|         mem_reg_14592_14847_14_14 |    <0.001 |
|         mem_reg_14592_14847_15_15 |    <0.001 |
|         mem_reg_14592_14847_1_1   |    <0.001 |
|         mem_reg_14592_14847_2_2   |    <0.001 |
|         mem_reg_14592_14847_3_3   |    <0.001 |
|         mem_reg_14592_14847_4_4   |    <0.001 |
|         mem_reg_14592_14847_5_5   |    <0.001 |
|         mem_reg_14592_14847_6_6   |    <0.001 |
|         mem_reg_14592_14847_7_7   |    <0.001 |
|         mem_reg_14592_14847_8_8   |    <0.001 |
|         mem_reg_14592_14847_9_9   |    <0.001 |
|         mem_reg_14848_15103_0_0   |    <0.001 |
|         mem_reg_14848_15103_10_10 |    <0.001 |
|         mem_reg_14848_15103_11_11 |    <0.001 |
|         mem_reg_14848_15103_12_12 |    <0.001 |
|         mem_reg_14848_15103_13_13 |    <0.001 |
|         mem_reg_14848_15103_14_14 |    <0.001 |
|         mem_reg_14848_15103_15_15 |    <0.001 |
|         mem_reg_14848_15103_1_1   |    <0.001 |
|         mem_reg_14848_15103_2_2   |    <0.001 |
|         mem_reg_14848_15103_3_3   |    <0.001 |
|         mem_reg_14848_15103_4_4   |    <0.001 |
|         mem_reg_14848_15103_5_5   |    <0.001 |
|         mem_reg_14848_15103_6_6   |    <0.001 |
|         mem_reg_14848_15103_7_7   |    <0.001 |
|         mem_reg_14848_15103_8_8   |    <0.001 |
|         mem_reg_14848_15103_9_9   |    <0.001 |
|         mem_reg_15104_15359_0_0   |    <0.001 |
|         mem_reg_15104_15359_10_10 |    <0.001 |
|         mem_reg_15104_15359_11_11 |    <0.001 |
|         mem_reg_15104_15359_12_12 |    <0.001 |
|         mem_reg_15104_15359_13_13 |    <0.001 |
|         mem_reg_15104_15359_14_14 |    <0.001 |
|         mem_reg_15104_15359_15_15 |    <0.001 |
|         mem_reg_15104_15359_1_1   |    <0.001 |
|         mem_reg_15104_15359_2_2   |    <0.001 |
|         mem_reg_15104_15359_3_3   |    <0.001 |
|         mem_reg_15104_15359_4_4   |    <0.001 |
|         mem_reg_15104_15359_5_5   |    <0.001 |
|         mem_reg_15104_15359_6_6   |    <0.001 |
|         mem_reg_15104_15359_7_7   |    <0.001 |
|         mem_reg_15104_15359_8_8   |    <0.001 |
|         mem_reg_15104_15359_9_9   |    <0.001 |
|         mem_reg_15360_15615_0_0   |    <0.001 |
|         mem_reg_15360_15615_10_10 |    <0.001 |
|         mem_reg_15360_15615_11_11 |    <0.001 |
|         mem_reg_15360_15615_12_12 |    <0.001 |
|         mem_reg_15360_15615_13_13 |    <0.001 |
|         mem_reg_15360_15615_14_14 |    <0.001 |
|         mem_reg_15360_15615_15_15 |    <0.001 |
|         mem_reg_15360_15615_1_1   |    <0.001 |
|         mem_reg_15360_15615_2_2   |    <0.001 |
|         mem_reg_15360_15615_3_3   |    <0.001 |
|         mem_reg_15360_15615_4_4   |    <0.001 |
|         mem_reg_15360_15615_5_5   |    <0.001 |
|         mem_reg_15360_15615_6_6   |    <0.001 |
|         mem_reg_15360_15615_7_7   |    <0.001 |
|         mem_reg_15360_15615_8_8   |    <0.001 |
|         mem_reg_15360_15615_9_9   |    <0.001 |
|         mem_reg_1536_1791_0_0     |    <0.001 |
|         mem_reg_1536_1791_10_10   |    <0.001 |
|         mem_reg_1536_1791_11_11   |    <0.001 |
|         mem_reg_1536_1791_12_12   |    <0.001 |
|         mem_reg_1536_1791_13_13   |    <0.001 |
|         mem_reg_1536_1791_14_14   |    <0.001 |
|         mem_reg_1536_1791_15_15   |    <0.001 |
|         mem_reg_1536_1791_1_1     |    <0.001 |
|         mem_reg_1536_1791_2_2     |    <0.001 |
|         mem_reg_1536_1791_3_3     |    <0.001 |
|         mem_reg_1536_1791_4_4     |    <0.001 |
|         mem_reg_1536_1791_5_5     |    <0.001 |
|         mem_reg_1536_1791_6_6     |    <0.001 |
|         mem_reg_1536_1791_7_7     |    <0.001 |
|         mem_reg_1536_1791_8_8     |    <0.001 |
|         mem_reg_1536_1791_9_9     |    <0.001 |
|         mem_reg_15616_15871_0_0   |    <0.001 |
|         mem_reg_15616_15871_10_10 |    <0.001 |
|         mem_reg_15616_15871_11_11 |    <0.001 |
|         mem_reg_15616_15871_12_12 |    <0.001 |
|         mem_reg_15616_15871_13_13 |    <0.001 |
|         mem_reg_15616_15871_14_14 |    <0.001 |
|         mem_reg_15616_15871_15_15 |    <0.001 |
|         mem_reg_15616_15871_1_1   |    <0.001 |
|         mem_reg_15616_15871_2_2   |    <0.001 |
|         mem_reg_15616_15871_3_3   |    <0.001 |
|         mem_reg_15616_15871_4_4   |    <0.001 |
|         mem_reg_15616_15871_5_5   |    <0.001 |
|         mem_reg_15616_15871_6_6   |    <0.001 |
|         mem_reg_15616_15871_7_7   |    <0.001 |
|         mem_reg_15616_15871_8_8   |    <0.001 |
|         mem_reg_15616_15871_9_9   |    <0.001 |
|         mem_reg_15872_16127_0_0   |    <0.001 |
|         mem_reg_15872_16127_10_10 |    <0.001 |
|         mem_reg_15872_16127_11_11 |    <0.001 |
|         mem_reg_15872_16127_12_12 |    <0.001 |
|         mem_reg_15872_16127_13_13 |    <0.001 |
|         mem_reg_15872_16127_14_14 |    <0.001 |
|         mem_reg_15872_16127_15_15 |    <0.001 |
|         mem_reg_15872_16127_1_1   |    <0.001 |
|         mem_reg_15872_16127_2_2   |    <0.001 |
|         mem_reg_15872_16127_3_3   |    <0.001 |
|         mem_reg_15872_16127_4_4   |    <0.001 |
|         mem_reg_15872_16127_5_5   |    <0.001 |
|         mem_reg_15872_16127_6_6   |    <0.001 |
|         mem_reg_15872_16127_7_7   |    <0.001 |
|         mem_reg_15872_16127_8_8   |    <0.001 |
|         mem_reg_15872_16127_9_9   |    <0.001 |
|         mem_reg_16128_16383_0_0   |    <0.001 |
|         mem_reg_16128_16383_10_10 |    <0.001 |
|         mem_reg_16128_16383_11_11 |    <0.001 |
|         mem_reg_16128_16383_12_12 |    <0.001 |
|         mem_reg_16128_16383_13_13 |    <0.001 |
|         mem_reg_16128_16383_14_14 |    <0.001 |
|         mem_reg_16128_16383_15_15 |    <0.001 |
|         mem_reg_16128_16383_1_1   |    <0.001 |
|         mem_reg_16128_16383_2_2   |    <0.001 |
|         mem_reg_16128_16383_3_3   |    <0.001 |
|         mem_reg_16128_16383_4_4   |    <0.001 |
|         mem_reg_16128_16383_5_5   |    <0.001 |
|         mem_reg_16128_16383_6_6   |    <0.001 |
|         mem_reg_16128_16383_7_7   |    <0.001 |
|         mem_reg_16128_16383_8_8   |    <0.001 |
|         mem_reg_16128_16383_9_9   |    <0.001 |
|         mem_reg_1792_2047_0_0     |    <0.001 |
|         mem_reg_1792_2047_10_10   |    <0.001 |
|         mem_reg_1792_2047_11_11   |    <0.001 |
|         mem_reg_1792_2047_12_12   |    <0.001 |
|         mem_reg_1792_2047_13_13   |    <0.001 |
|         mem_reg_1792_2047_14_14   |    <0.001 |
|         mem_reg_1792_2047_15_15   |    <0.001 |
|         mem_reg_1792_2047_1_1     |    <0.001 |
|         mem_reg_1792_2047_2_2     |    <0.001 |
|         mem_reg_1792_2047_3_3     |    <0.001 |
|         mem_reg_1792_2047_4_4     |    <0.001 |
|         mem_reg_1792_2047_5_5     |    <0.001 |
|         mem_reg_1792_2047_6_6     |    <0.001 |
|         mem_reg_1792_2047_7_7     |    <0.001 |
|         mem_reg_1792_2047_8_8     |    <0.001 |
|         mem_reg_1792_2047_9_9     |    <0.001 |
|         mem_reg_2048_2303_0_0     |    <0.001 |
|         mem_reg_2048_2303_10_10   |    <0.001 |
|         mem_reg_2048_2303_11_11   |    <0.001 |
|         mem_reg_2048_2303_12_12   |    <0.001 |
|         mem_reg_2048_2303_13_13   |    <0.001 |
|         mem_reg_2048_2303_14_14   |    <0.001 |
|         mem_reg_2048_2303_15_15   |    <0.001 |
|         mem_reg_2048_2303_1_1     |    <0.001 |
|         mem_reg_2048_2303_2_2     |    <0.001 |
|         mem_reg_2048_2303_3_3     |    <0.001 |
|         mem_reg_2048_2303_4_4     |    <0.001 |
|         mem_reg_2048_2303_5_5     |    <0.001 |
|         mem_reg_2048_2303_6_6     |    <0.001 |
|         mem_reg_2048_2303_7_7     |    <0.001 |
|         mem_reg_2048_2303_8_8     |    <0.001 |
|         mem_reg_2048_2303_9_9     |    <0.001 |
|         mem_reg_2304_2559_0_0     |    <0.001 |
|         mem_reg_2304_2559_10_10   |    <0.001 |
|         mem_reg_2304_2559_11_11   |    <0.001 |
|         mem_reg_2304_2559_12_12   |    <0.001 |
|         mem_reg_2304_2559_13_13   |    <0.001 |
|         mem_reg_2304_2559_14_14   |    <0.001 |
|         mem_reg_2304_2559_15_15   |    <0.001 |
|         mem_reg_2304_2559_1_1     |    <0.001 |
|         mem_reg_2304_2559_2_2     |    <0.001 |
|         mem_reg_2304_2559_3_3     |    <0.001 |
|         mem_reg_2304_2559_4_4     |    <0.001 |
|         mem_reg_2304_2559_5_5     |    <0.001 |
|         mem_reg_2304_2559_6_6     |    <0.001 |
|         mem_reg_2304_2559_7_7     |    <0.001 |
|         mem_reg_2304_2559_8_8     |    <0.001 |
|         mem_reg_2304_2559_9_9     |    <0.001 |
|         mem_reg_2560_2815_0_0     |    <0.001 |
|         mem_reg_2560_2815_10_10   |    <0.001 |
|         mem_reg_2560_2815_11_11   |    <0.001 |
|         mem_reg_2560_2815_12_12   |    <0.001 |
|         mem_reg_2560_2815_13_13   |    <0.001 |
|         mem_reg_2560_2815_14_14   |    <0.001 |
|         mem_reg_2560_2815_15_15   |    <0.001 |
|         mem_reg_2560_2815_1_1     |    <0.001 |
|         mem_reg_2560_2815_2_2     |    <0.001 |
|         mem_reg_2560_2815_3_3     |    <0.001 |
|         mem_reg_2560_2815_4_4     |    <0.001 |
|         mem_reg_2560_2815_5_5     |    <0.001 |
|         mem_reg_2560_2815_6_6     |    <0.001 |
|         mem_reg_2560_2815_7_7     |    <0.001 |
|         mem_reg_2560_2815_8_8     |    <0.001 |
|         mem_reg_2560_2815_9_9     |    <0.001 |
|         mem_reg_256_511_0_0       |    <0.001 |
|         mem_reg_256_511_10_10     |    <0.001 |
|         mem_reg_256_511_11_11     |    <0.001 |
|         mem_reg_256_511_12_12     |    <0.001 |
|         mem_reg_256_511_13_13     |    <0.001 |
|         mem_reg_256_511_14_14     |    <0.001 |
|         mem_reg_256_511_15_15     |    <0.001 |
|         mem_reg_256_511_1_1       |    <0.001 |
|         mem_reg_256_511_2_2       |    <0.001 |
|         mem_reg_256_511_3_3       |    <0.001 |
|         mem_reg_256_511_4_4       |    <0.001 |
|         mem_reg_256_511_5_5       |    <0.001 |
|         mem_reg_256_511_6_6       |    <0.001 |
|         mem_reg_256_511_7_7       |    <0.001 |
|         mem_reg_256_511_8_8       |    <0.001 |
|         mem_reg_256_511_9_9       |    <0.001 |
|         mem_reg_2816_3071_0_0     |    <0.001 |
|         mem_reg_2816_3071_10_10   |    <0.001 |
|         mem_reg_2816_3071_11_11   |    <0.001 |
|         mem_reg_2816_3071_12_12   |    <0.001 |
|         mem_reg_2816_3071_13_13   |    <0.001 |
|         mem_reg_2816_3071_14_14   |    <0.001 |
|         mem_reg_2816_3071_15_15   |    <0.001 |
|         mem_reg_2816_3071_1_1     |    <0.001 |
|         mem_reg_2816_3071_2_2     |    <0.001 |
|         mem_reg_2816_3071_3_3     |    <0.001 |
|         mem_reg_2816_3071_4_4     |    <0.001 |
|         mem_reg_2816_3071_5_5     |    <0.001 |
|         mem_reg_2816_3071_6_6     |    <0.001 |
|         mem_reg_2816_3071_7_7     |    <0.001 |
|         mem_reg_2816_3071_8_8     |    <0.001 |
|         mem_reg_2816_3071_9_9     |    <0.001 |
|         mem_reg_3072_3327_0_0     |    <0.001 |
|         mem_reg_3072_3327_10_10   |    <0.001 |
|         mem_reg_3072_3327_11_11   |    <0.001 |
|         mem_reg_3072_3327_12_12   |    <0.001 |
|         mem_reg_3072_3327_13_13   |    <0.001 |
|         mem_reg_3072_3327_14_14   |    <0.001 |
|         mem_reg_3072_3327_15_15   |    <0.001 |
|         mem_reg_3072_3327_1_1     |    <0.001 |
|         mem_reg_3072_3327_2_2     |    <0.001 |
|         mem_reg_3072_3327_3_3     |    <0.001 |
|         mem_reg_3072_3327_4_4     |    <0.001 |
|         mem_reg_3072_3327_5_5     |    <0.001 |
|         mem_reg_3072_3327_6_6     |    <0.001 |
|         mem_reg_3072_3327_7_7     |    <0.001 |
|         mem_reg_3072_3327_8_8     |    <0.001 |
|         mem_reg_3072_3327_9_9     |    <0.001 |
|         mem_reg_3328_3583_0_0     |    <0.001 |
|         mem_reg_3328_3583_10_10   |    <0.001 |
|         mem_reg_3328_3583_11_11   |    <0.001 |
|         mem_reg_3328_3583_12_12   |    <0.001 |
|         mem_reg_3328_3583_13_13   |    <0.001 |
|         mem_reg_3328_3583_14_14   |    <0.001 |
|         mem_reg_3328_3583_15_15   |    <0.001 |
|         mem_reg_3328_3583_1_1     |    <0.001 |
|         mem_reg_3328_3583_2_2     |    <0.001 |
|         mem_reg_3328_3583_3_3     |    <0.001 |
|         mem_reg_3328_3583_4_4     |    <0.001 |
|         mem_reg_3328_3583_5_5     |    <0.001 |
|         mem_reg_3328_3583_6_6     |    <0.001 |
|         mem_reg_3328_3583_7_7     |    <0.001 |
|         mem_reg_3328_3583_8_8     |    <0.001 |
|         mem_reg_3328_3583_9_9     |    <0.001 |
|         mem_reg_3584_3839_0_0     |    <0.001 |
|         mem_reg_3584_3839_10_10   |    <0.001 |
|         mem_reg_3584_3839_11_11   |    <0.001 |
|         mem_reg_3584_3839_12_12   |    <0.001 |
|         mem_reg_3584_3839_13_13   |    <0.001 |
|         mem_reg_3584_3839_14_14   |    <0.001 |
|         mem_reg_3584_3839_15_15   |    <0.001 |
|         mem_reg_3584_3839_1_1     |    <0.001 |
|         mem_reg_3584_3839_2_2     |    <0.001 |
|         mem_reg_3584_3839_3_3     |    <0.001 |
|         mem_reg_3584_3839_4_4     |    <0.001 |
|         mem_reg_3584_3839_5_5     |    <0.001 |
|         mem_reg_3584_3839_6_6     |    <0.001 |
|         mem_reg_3584_3839_7_7     |    <0.001 |
|         mem_reg_3584_3839_8_8     |    <0.001 |
|         mem_reg_3584_3839_9_9     |    <0.001 |
|         mem_reg_3840_4095_0_0     |    <0.001 |
|         mem_reg_3840_4095_10_10   |    <0.001 |
|         mem_reg_3840_4095_11_11   |    <0.001 |
|         mem_reg_3840_4095_12_12   |    <0.001 |
|         mem_reg_3840_4095_13_13   |    <0.001 |
|         mem_reg_3840_4095_14_14   |    <0.001 |
|         mem_reg_3840_4095_15_15   |    <0.001 |
|         mem_reg_3840_4095_1_1     |    <0.001 |
|         mem_reg_3840_4095_2_2     |    <0.001 |
|         mem_reg_3840_4095_3_3     |    <0.001 |
|         mem_reg_3840_4095_4_4     |    <0.001 |
|         mem_reg_3840_4095_5_5     |    <0.001 |
|         mem_reg_3840_4095_6_6     |    <0.001 |
|         mem_reg_3840_4095_7_7     |    <0.001 |
|         mem_reg_3840_4095_8_8     |    <0.001 |
|         mem_reg_3840_4095_9_9     |    <0.001 |
|         mem_reg_4096_4351_0_0     |    <0.001 |
|         mem_reg_4096_4351_10_10   |    <0.001 |
|         mem_reg_4096_4351_11_11   |    <0.001 |
|         mem_reg_4096_4351_12_12   |    <0.001 |
|         mem_reg_4096_4351_13_13   |    <0.001 |
|         mem_reg_4096_4351_14_14   |    <0.001 |
|         mem_reg_4096_4351_15_15   |    <0.001 |
|         mem_reg_4096_4351_1_1     |    <0.001 |
|         mem_reg_4096_4351_2_2     |    <0.001 |
|         mem_reg_4096_4351_3_3     |    <0.001 |
|         mem_reg_4096_4351_4_4     |    <0.001 |
|         mem_reg_4096_4351_5_5     |    <0.001 |
|         mem_reg_4096_4351_6_6     |    <0.001 |
|         mem_reg_4096_4351_7_7     |    <0.001 |
|         mem_reg_4096_4351_8_8     |    <0.001 |
|         mem_reg_4096_4351_9_9     |    <0.001 |
|         mem_reg_4352_4607_0_0     |    <0.001 |
|         mem_reg_4352_4607_10_10   |    <0.001 |
|         mem_reg_4352_4607_11_11   |    <0.001 |
|         mem_reg_4352_4607_12_12   |    <0.001 |
|         mem_reg_4352_4607_13_13   |    <0.001 |
|         mem_reg_4352_4607_14_14   |    <0.001 |
|         mem_reg_4352_4607_15_15   |    <0.001 |
|         mem_reg_4352_4607_1_1     |    <0.001 |
|         mem_reg_4352_4607_2_2     |    <0.001 |
|         mem_reg_4352_4607_3_3     |    <0.001 |
|         mem_reg_4352_4607_4_4     |    <0.001 |
|         mem_reg_4352_4607_5_5     |    <0.001 |
|         mem_reg_4352_4607_6_6     |    <0.001 |
|         mem_reg_4352_4607_7_7     |    <0.001 |
|         mem_reg_4352_4607_8_8     |    <0.001 |
|         mem_reg_4352_4607_9_9     |    <0.001 |
|         mem_reg_4608_4863_0_0     |    <0.001 |
|         mem_reg_4608_4863_10_10   |    <0.001 |
|         mem_reg_4608_4863_11_11   |    <0.001 |
|         mem_reg_4608_4863_12_12   |    <0.001 |
|         mem_reg_4608_4863_13_13   |    <0.001 |
|         mem_reg_4608_4863_14_14   |    <0.001 |
|         mem_reg_4608_4863_15_15   |    <0.001 |
|         mem_reg_4608_4863_1_1     |    <0.001 |
|         mem_reg_4608_4863_2_2     |    <0.001 |
|         mem_reg_4608_4863_3_3     |    <0.001 |
|         mem_reg_4608_4863_4_4     |    <0.001 |
|         mem_reg_4608_4863_5_5     |    <0.001 |
|         mem_reg_4608_4863_6_6     |    <0.001 |
|         mem_reg_4608_4863_7_7     |    <0.001 |
|         mem_reg_4608_4863_8_8     |    <0.001 |
|         mem_reg_4608_4863_9_9     |    <0.001 |
|         mem_reg_4864_5119_0_0     |    <0.001 |
|         mem_reg_4864_5119_10_10   |    <0.001 |
|         mem_reg_4864_5119_11_11   |    <0.001 |
|         mem_reg_4864_5119_12_12   |    <0.001 |
|         mem_reg_4864_5119_13_13   |    <0.001 |
|         mem_reg_4864_5119_14_14   |    <0.001 |
|         mem_reg_4864_5119_15_15   |    <0.001 |
|         mem_reg_4864_5119_1_1     |    <0.001 |
|         mem_reg_4864_5119_2_2     |    <0.001 |
|         mem_reg_4864_5119_3_3     |    <0.001 |
|         mem_reg_4864_5119_4_4     |    <0.001 |
|         mem_reg_4864_5119_5_5     |    <0.001 |
|         mem_reg_4864_5119_6_6     |    <0.001 |
|         mem_reg_4864_5119_7_7     |    <0.001 |
|         mem_reg_4864_5119_8_8     |    <0.001 |
|         mem_reg_4864_5119_9_9     |    <0.001 |
|         mem_reg_5120_5375_0_0     |    <0.001 |
|         mem_reg_5120_5375_10_10   |    <0.001 |
|         mem_reg_5120_5375_11_11   |    <0.001 |
|         mem_reg_5120_5375_12_12   |    <0.001 |
|         mem_reg_5120_5375_13_13   |    <0.001 |
|         mem_reg_5120_5375_14_14   |    <0.001 |
|         mem_reg_5120_5375_15_15   |    <0.001 |
|         mem_reg_5120_5375_1_1     |    <0.001 |
|         mem_reg_5120_5375_2_2     |    <0.001 |
|         mem_reg_5120_5375_3_3     |    <0.001 |
|         mem_reg_5120_5375_4_4     |    <0.001 |
|         mem_reg_5120_5375_5_5     |    <0.001 |
|         mem_reg_5120_5375_6_6     |    <0.001 |
|         mem_reg_5120_5375_7_7     |    <0.001 |
|         mem_reg_5120_5375_8_8     |    <0.001 |
|         mem_reg_5120_5375_9_9     |    <0.001 |
|         mem_reg_512_767_0_0       |    <0.001 |
|         mem_reg_512_767_10_10     |    <0.001 |
|         mem_reg_512_767_11_11     |    <0.001 |
|         mem_reg_512_767_12_12     |    <0.001 |
|         mem_reg_512_767_13_13     |    <0.001 |
|         mem_reg_512_767_14_14     |    <0.001 |
|         mem_reg_512_767_15_15     |    <0.001 |
|         mem_reg_512_767_1_1       |    <0.001 |
|         mem_reg_512_767_2_2       |    <0.001 |
|         mem_reg_512_767_3_3       |    <0.001 |
|         mem_reg_512_767_4_4       |    <0.001 |
|         mem_reg_512_767_5_5       |    <0.001 |
|         mem_reg_512_767_6_6       |    <0.001 |
|         mem_reg_512_767_7_7       |    <0.001 |
|         mem_reg_512_767_8_8       |    <0.001 |
|         mem_reg_512_767_9_9       |    <0.001 |
|         mem_reg_5376_5631_0_0     |    <0.001 |
|         mem_reg_5376_5631_10_10   |    <0.001 |
|         mem_reg_5376_5631_11_11   |    <0.001 |
|         mem_reg_5376_5631_12_12   |    <0.001 |
|         mem_reg_5376_5631_13_13   |    <0.001 |
|         mem_reg_5376_5631_14_14   |    <0.001 |
|         mem_reg_5376_5631_15_15   |    <0.001 |
|         mem_reg_5376_5631_1_1     |    <0.001 |
|         mem_reg_5376_5631_2_2     |    <0.001 |
|         mem_reg_5376_5631_3_3     |    <0.001 |
|         mem_reg_5376_5631_4_4     |    <0.001 |
|         mem_reg_5376_5631_5_5     |    <0.001 |
|         mem_reg_5376_5631_6_6     |    <0.001 |
|         mem_reg_5376_5631_7_7     |    <0.001 |
|         mem_reg_5376_5631_8_8     |    <0.001 |
|         mem_reg_5376_5631_9_9     |    <0.001 |
|         mem_reg_5632_5887_0_0     |    <0.001 |
|         mem_reg_5632_5887_10_10   |    <0.001 |
|         mem_reg_5632_5887_11_11   |    <0.001 |
|         mem_reg_5632_5887_12_12   |    <0.001 |
|         mem_reg_5632_5887_13_13   |    <0.001 |
|         mem_reg_5632_5887_14_14   |    <0.001 |
|         mem_reg_5632_5887_15_15   |    <0.001 |
|         mem_reg_5632_5887_1_1     |    <0.001 |
|         mem_reg_5632_5887_2_2     |    <0.001 |
|         mem_reg_5632_5887_3_3     |    <0.001 |
|         mem_reg_5632_5887_4_4     |    <0.001 |
|         mem_reg_5632_5887_5_5     |    <0.001 |
|         mem_reg_5632_5887_6_6     |    <0.001 |
|         mem_reg_5632_5887_7_7     |    <0.001 |
|         mem_reg_5632_5887_8_8     |    <0.001 |
|         mem_reg_5632_5887_9_9     |    <0.001 |
|         mem_reg_5888_6143_0_0     |    <0.001 |
|         mem_reg_5888_6143_10_10   |    <0.001 |
|         mem_reg_5888_6143_11_11   |    <0.001 |
|         mem_reg_5888_6143_12_12   |    <0.001 |
|         mem_reg_5888_6143_13_13   |    <0.001 |
|         mem_reg_5888_6143_14_14   |    <0.001 |
|         mem_reg_5888_6143_15_15   |    <0.001 |
|         mem_reg_5888_6143_1_1     |    <0.001 |
|         mem_reg_5888_6143_2_2     |    <0.001 |
|         mem_reg_5888_6143_3_3     |    <0.001 |
|         mem_reg_5888_6143_4_4     |    <0.001 |
|         mem_reg_5888_6143_5_5     |    <0.001 |
|         mem_reg_5888_6143_6_6     |    <0.001 |
|         mem_reg_5888_6143_7_7     |    <0.001 |
|         mem_reg_5888_6143_8_8     |    <0.001 |
|         mem_reg_5888_6143_9_9     |    <0.001 |
|         mem_reg_6144_6399_0_0     |    <0.001 |
|         mem_reg_6144_6399_10_10   |    <0.001 |
|         mem_reg_6144_6399_11_11   |    <0.001 |
|         mem_reg_6144_6399_12_12   |    <0.001 |
|         mem_reg_6144_6399_13_13   |    <0.001 |
|         mem_reg_6144_6399_14_14   |    <0.001 |
|         mem_reg_6144_6399_15_15   |    <0.001 |
|         mem_reg_6144_6399_1_1     |    <0.001 |
|         mem_reg_6144_6399_2_2     |    <0.001 |
|         mem_reg_6144_6399_3_3     |    <0.001 |
|         mem_reg_6144_6399_4_4     |    <0.001 |
|         mem_reg_6144_6399_5_5     |    <0.001 |
|         mem_reg_6144_6399_6_6     |    <0.001 |
|         mem_reg_6144_6399_7_7     |    <0.001 |
|         mem_reg_6144_6399_8_8     |    <0.001 |
|         mem_reg_6144_6399_9_9     |    <0.001 |
|         mem_reg_6400_6655_0_0     |    <0.001 |
|         mem_reg_6400_6655_10_10   |    <0.001 |
|         mem_reg_6400_6655_11_11   |    <0.001 |
|         mem_reg_6400_6655_12_12   |    <0.001 |
|         mem_reg_6400_6655_13_13   |    <0.001 |
|         mem_reg_6400_6655_14_14   |    <0.001 |
|         mem_reg_6400_6655_15_15   |    <0.001 |
|         mem_reg_6400_6655_1_1     |    <0.001 |
|         mem_reg_6400_6655_2_2     |    <0.001 |
|         mem_reg_6400_6655_3_3     |    <0.001 |
|         mem_reg_6400_6655_4_4     |    <0.001 |
|         mem_reg_6400_6655_5_5     |    <0.001 |
|         mem_reg_6400_6655_6_6     |    <0.001 |
|         mem_reg_6400_6655_7_7     |    <0.001 |
|         mem_reg_6400_6655_8_8     |    <0.001 |
|         mem_reg_6400_6655_9_9     |    <0.001 |
|         mem_reg_6656_6911_0_0     |    <0.001 |
|         mem_reg_6656_6911_10_10   |    <0.001 |
|         mem_reg_6656_6911_11_11   |    <0.001 |
|         mem_reg_6656_6911_12_12   |    <0.001 |
|         mem_reg_6656_6911_13_13   |    <0.001 |
|         mem_reg_6656_6911_14_14   |    <0.001 |
|         mem_reg_6656_6911_15_15   |    <0.001 |
|         mem_reg_6656_6911_1_1     |    <0.001 |
|         mem_reg_6656_6911_2_2     |    <0.001 |
|         mem_reg_6656_6911_3_3     |    <0.001 |
|         mem_reg_6656_6911_4_4     |    <0.001 |
|         mem_reg_6656_6911_5_5     |    <0.001 |
|         mem_reg_6656_6911_6_6     |    <0.001 |
|         mem_reg_6656_6911_7_7     |    <0.001 |
|         mem_reg_6656_6911_8_8     |    <0.001 |
|         mem_reg_6656_6911_9_9     |    <0.001 |
|         mem_reg_6912_7167_0_0     |    <0.001 |
|         mem_reg_6912_7167_10_10   |    <0.001 |
|         mem_reg_6912_7167_11_11   |    <0.001 |
|         mem_reg_6912_7167_12_12   |    <0.001 |
|         mem_reg_6912_7167_13_13   |    <0.001 |
|         mem_reg_6912_7167_14_14   |    <0.001 |
|         mem_reg_6912_7167_15_15   |    <0.001 |
|         mem_reg_6912_7167_1_1     |    <0.001 |
|         mem_reg_6912_7167_2_2     |    <0.001 |
|         mem_reg_6912_7167_3_3     |    <0.001 |
|         mem_reg_6912_7167_4_4     |    <0.001 |
|         mem_reg_6912_7167_5_5     |    <0.001 |
|         mem_reg_6912_7167_6_6     |    <0.001 |
|         mem_reg_6912_7167_7_7     |    <0.001 |
|         mem_reg_6912_7167_8_8     |    <0.001 |
|         mem_reg_6912_7167_9_9     |    <0.001 |
|         mem_reg_7168_7423_0_0     |    <0.001 |
|         mem_reg_7168_7423_10_10   |    <0.001 |
|         mem_reg_7168_7423_11_11   |    <0.001 |
|         mem_reg_7168_7423_12_12   |    <0.001 |
|         mem_reg_7168_7423_13_13   |    <0.001 |
|         mem_reg_7168_7423_14_14   |    <0.001 |
|         mem_reg_7168_7423_15_15   |    <0.001 |
|         mem_reg_7168_7423_1_1     |    <0.001 |
|         mem_reg_7168_7423_2_2     |    <0.001 |
|         mem_reg_7168_7423_3_3     |    <0.001 |
|         mem_reg_7168_7423_4_4     |    <0.001 |
|         mem_reg_7168_7423_5_5     |    <0.001 |
|         mem_reg_7168_7423_6_6     |    <0.001 |
|         mem_reg_7168_7423_7_7     |    <0.001 |
|         mem_reg_7168_7423_8_8     |    <0.001 |
|         mem_reg_7168_7423_9_9     |    <0.001 |
|         mem_reg_7424_7679_0_0     |    <0.001 |
|         mem_reg_7424_7679_10_10   |    <0.001 |
|         mem_reg_7424_7679_11_11   |    <0.001 |
|         mem_reg_7424_7679_12_12   |    <0.001 |
|         mem_reg_7424_7679_13_13   |    <0.001 |
|         mem_reg_7424_7679_14_14   |    <0.001 |
|         mem_reg_7424_7679_15_15   |    <0.001 |
|         mem_reg_7424_7679_1_1     |    <0.001 |
|         mem_reg_7424_7679_2_2     |    <0.001 |
|         mem_reg_7424_7679_3_3     |    <0.001 |
|         mem_reg_7424_7679_4_4     |    <0.001 |
|         mem_reg_7424_7679_5_5     |    <0.001 |
|         mem_reg_7424_7679_6_6     |    <0.001 |
|         mem_reg_7424_7679_7_7     |    <0.001 |
|         mem_reg_7424_7679_8_8     |    <0.001 |
|         mem_reg_7424_7679_9_9     |    <0.001 |
|         mem_reg_7680_7935_0_0     |    <0.001 |
|         mem_reg_7680_7935_10_10   |    <0.001 |
|         mem_reg_7680_7935_11_11   |    <0.001 |
|         mem_reg_7680_7935_12_12   |    <0.001 |
|         mem_reg_7680_7935_13_13   |    <0.001 |
|         mem_reg_7680_7935_14_14   |    <0.001 |
|         mem_reg_7680_7935_15_15   |    <0.001 |
|         mem_reg_7680_7935_1_1     |    <0.001 |
|         mem_reg_7680_7935_2_2     |    <0.001 |
|         mem_reg_7680_7935_3_3     |    <0.001 |
|         mem_reg_7680_7935_4_4     |    <0.001 |
|         mem_reg_7680_7935_5_5     |    <0.001 |
|         mem_reg_7680_7935_6_6     |    <0.001 |
|         mem_reg_7680_7935_7_7     |    <0.001 |
|         mem_reg_7680_7935_8_8     |    <0.001 |
|         mem_reg_7680_7935_9_9     |    <0.001 |
|         mem_reg_768_1023_0_0      |    <0.001 |
|         mem_reg_768_1023_10_10    |    <0.001 |
|         mem_reg_768_1023_11_11    |    <0.001 |
|         mem_reg_768_1023_12_12    |    <0.001 |
|         mem_reg_768_1023_13_13    |    <0.001 |
|         mem_reg_768_1023_14_14    |    <0.001 |
|         mem_reg_768_1023_15_15    |    <0.001 |
|         mem_reg_768_1023_1_1      |    <0.001 |
|         mem_reg_768_1023_2_2      |    <0.001 |
|         mem_reg_768_1023_3_3      |    <0.001 |
|         mem_reg_768_1023_4_4      |    <0.001 |
|         mem_reg_768_1023_5_5      |    <0.001 |
|         mem_reg_768_1023_6_6      |    <0.001 |
|         mem_reg_768_1023_7_7      |    <0.001 |
|         mem_reg_768_1023_8_8      |    <0.001 |
|         mem_reg_768_1023_9_9      |    <0.001 |
|         mem_reg_7936_8191_0_0     |    <0.001 |
|         mem_reg_7936_8191_10_10   |    <0.001 |
|         mem_reg_7936_8191_11_11   |    <0.001 |
|         mem_reg_7936_8191_12_12   |    <0.001 |
|         mem_reg_7936_8191_13_13   |    <0.001 |
|         mem_reg_7936_8191_14_14   |    <0.001 |
|         mem_reg_7936_8191_15_15   |    <0.001 |
|         mem_reg_7936_8191_1_1     |    <0.001 |
|         mem_reg_7936_8191_2_2     |    <0.001 |
|         mem_reg_7936_8191_3_3     |    <0.001 |
|         mem_reg_7936_8191_4_4     |    <0.001 |
|         mem_reg_7936_8191_5_5     |    <0.001 |
|         mem_reg_7936_8191_6_6     |    <0.001 |
|         mem_reg_7936_8191_7_7     |    <0.001 |
|         mem_reg_7936_8191_8_8     |    <0.001 |
|         mem_reg_7936_8191_9_9     |    <0.001 |
|         mem_reg_8192_8447_0_0     |    <0.001 |
|         mem_reg_8192_8447_10_10   |    <0.001 |
|         mem_reg_8192_8447_11_11   |    <0.001 |
|         mem_reg_8192_8447_12_12   |    <0.001 |
|         mem_reg_8192_8447_13_13   |    <0.001 |
|         mem_reg_8192_8447_14_14   |    <0.001 |
|         mem_reg_8192_8447_15_15   |    <0.001 |
|         mem_reg_8192_8447_1_1     |    <0.001 |
|         mem_reg_8192_8447_2_2     |    <0.001 |
|         mem_reg_8192_8447_3_3     |    <0.001 |
|         mem_reg_8192_8447_4_4     |    <0.001 |
|         mem_reg_8192_8447_5_5     |    <0.001 |
|         mem_reg_8192_8447_6_6     |    <0.001 |
|         mem_reg_8192_8447_7_7     |    <0.001 |
|         mem_reg_8192_8447_8_8     |    <0.001 |
|         mem_reg_8192_8447_9_9     |    <0.001 |
|         mem_reg_8448_8703_0_0     |    <0.001 |
|         mem_reg_8448_8703_10_10   |    <0.001 |
|         mem_reg_8448_8703_11_11   |    <0.001 |
|         mem_reg_8448_8703_12_12   |    <0.001 |
|         mem_reg_8448_8703_13_13   |    <0.001 |
|         mem_reg_8448_8703_14_14   |    <0.001 |
|         mem_reg_8448_8703_15_15   |    <0.001 |
|         mem_reg_8448_8703_1_1     |    <0.001 |
|         mem_reg_8448_8703_2_2     |    <0.001 |
|         mem_reg_8448_8703_3_3     |    <0.001 |
|         mem_reg_8448_8703_4_4     |    <0.001 |
|         mem_reg_8448_8703_5_5     |    <0.001 |
|         mem_reg_8448_8703_6_6     |    <0.001 |
|         mem_reg_8448_8703_7_7     |    <0.001 |
|         mem_reg_8448_8703_8_8     |    <0.001 |
|         mem_reg_8448_8703_9_9     |    <0.001 |
|         mem_reg_8704_8959_0_0     |    <0.001 |
|         mem_reg_8704_8959_10_10   |    <0.001 |
|         mem_reg_8704_8959_11_11   |    <0.001 |
|         mem_reg_8704_8959_12_12   |    <0.001 |
|         mem_reg_8704_8959_13_13   |    <0.001 |
|         mem_reg_8704_8959_14_14   |    <0.001 |
|         mem_reg_8704_8959_15_15   |    <0.001 |
|         mem_reg_8704_8959_1_1     |    <0.001 |
|         mem_reg_8704_8959_2_2     |    <0.001 |
|         mem_reg_8704_8959_3_3     |    <0.001 |
|         mem_reg_8704_8959_4_4     |    <0.001 |
|         mem_reg_8704_8959_5_5     |    <0.001 |
|         mem_reg_8704_8959_6_6     |    <0.001 |
|         mem_reg_8704_8959_7_7     |    <0.001 |
|         mem_reg_8704_8959_8_8     |    <0.001 |
|         mem_reg_8704_8959_9_9     |    <0.001 |
|         mem_reg_8960_9215_0_0     |    <0.001 |
|         mem_reg_8960_9215_10_10   |    <0.001 |
|         mem_reg_8960_9215_11_11   |    <0.001 |
|         mem_reg_8960_9215_12_12   |    <0.001 |
|         mem_reg_8960_9215_13_13   |    <0.001 |
|         mem_reg_8960_9215_14_14   |    <0.001 |
|         mem_reg_8960_9215_15_15   |    <0.001 |
|         mem_reg_8960_9215_1_1     |    <0.001 |
|         mem_reg_8960_9215_2_2     |    <0.001 |
|         mem_reg_8960_9215_3_3     |    <0.001 |
|         mem_reg_8960_9215_4_4     |    <0.001 |
|         mem_reg_8960_9215_5_5     |    <0.001 |
|         mem_reg_8960_9215_6_6     |    <0.001 |
|         mem_reg_8960_9215_7_7     |    <0.001 |
|         mem_reg_8960_9215_8_8     |    <0.001 |
|         mem_reg_8960_9215_9_9     |    <0.001 |
|         mem_reg_9216_9471_0_0     |    <0.001 |
|         mem_reg_9216_9471_10_10   |    <0.001 |
|         mem_reg_9216_9471_11_11   |    <0.001 |
|         mem_reg_9216_9471_12_12   |    <0.001 |
|         mem_reg_9216_9471_13_13   |    <0.001 |
|         mem_reg_9216_9471_14_14   |    <0.001 |
|         mem_reg_9216_9471_15_15   |    <0.001 |
|         mem_reg_9216_9471_1_1     |    <0.001 |
|         mem_reg_9216_9471_2_2     |    <0.001 |
|         mem_reg_9216_9471_3_3     |    <0.001 |
|         mem_reg_9216_9471_4_4     |    <0.001 |
|         mem_reg_9216_9471_5_5     |    <0.001 |
|         mem_reg_9216_9471_6_6     |    <0.001 |
|         mem_reg_9216_9471_7_7     |    <0.001 |
|         mem_reg_9216_9471_8_8     |    <0.001 |
|         mem_reg_9216_9471_9_9     |    <0.001 |
|         mem_reg_9472_9727_0_0     |    <0.001 |
|         mem_reg_9472_9727_10_10   |    <0.001 |
|         mem_reg_9472_9727_11_11   |    <0.001 |
|         mem_reg_9472_9727_12_12   |    <0.001 |
|         mem_reg_9472_9727_13_13   |    <0.001 |
|         mem_reg_9472_9727_14_14   |    <0.001 |
|         mem_reg_9472_9727_15_15   |    <0.001 |
|         mem_reg_9472_9727_1_1     |    <0.001 |
|         mem_reg_9472_9727_2_2     |    <0.001 |
|         mem_reg_9472_9727_3_3     |    <0.001 |
|         mem_reg_9472_9727_4_4     |    <0.001 |
|         mem_reg_9472_9727_5_5     |    <0.001 |
|         mem_reg_9472_9727_6_6     |    <0.001 |
|         mem_reg_9472_9727_7_7     |    <0.001 |
|         mem_reg_9472_9727_8_8     |    <0.001 |
|         mem_reg_9472_9727_9_9     |    <0.001 |
|         mem_reg_9728_9983_0_0     |    <0.001 |
|         mem_reg_9728_9983_10_10   |    <0.001 |
|         mem_reg_9728_9983_11_11   |    <0.001 |
|         mem_reg_9728_9983_12_12   |    <0.001 |
|         mem_reg_9728_9983_13_13   |    <0.001 |
|         mem_reg_9728_9983_14_14   |    <0.001 |
|         mem_reg_9728_9983_15_15   |    <0.001 |
|         mem_reg_9728_9983_1_1     |    <0.001 |
|         mem_reg_9728_9983_2_2     |    <0.001 |
|         mem_reg_9728_9983_3_3     |    <0.001 |
|         mem_reg_9728_9983_4_4     |    <0.001 |
|         mem_reg_9728_9983_5_5     |    <0.001 |
|         mem_reg_9728_9983_6_6     |    <0.001 |
|         mem_reg_9728_9983_7_7     |    <0.001 |
|         mem_reg_9728_9983_8_8     |    <0.001 |
|         mem_reg_9728_9983_9_9     |    <0.001 |
|         mem_reg_9984_10239_0_0    |    <0.001 |
|         mem_reg_9984_10239_10_10  |    <0.001 |
|         mem_reg_9984_10239_11_11  |    <0.001 |
|         mem_reg_9984_10239_12_12  |    <0.001 |
|         mem_reg_9984_10239_13_13  |    <0.001 |
|         mem_reg_9984_10239_14_14  |    <0.001 |
|         mem_reg_9984_10239_15_15  |    <0.001 |
|         mem_reg_9984_10239_1_1    |    <0.001 |
|         mem_reg_9984_10239_2_2    |    <0.001 |
|         mem_reg_9984_10239_3_3    |    <0.001 |
|         mem_reg_9984_10239_4_4    |    <0.001 |
|         mem_reg_9984_10239_5_5    |    <0.001 |
|         mem_reg_9984_10239_6_6    |    <0.001 |
|         mem_reg_9984_10239_7_7    |    <0.001 |
|         mem_reg_9984_10239_8_8    |    <0.001 |
|         mem_reg_9984_10239_9_9    |    <0.001 |
|       romchip                     |    <0.001 |
|     pc                            |    <0.001 |
|       pcreg                       |    <0.001 |
|     regs                          |     0.003 |
|       r0                          |    <0.001 |
|       r1__0                       |    <0.001 |
|       r2                          |    <0.001 |
|       r3                          |    <0.001 |
|       r4                          |    <0.001 |
|       r5                          |    <0.001 |
|       r6                          |    <0.001 |
|       r7                          |     0.003 |
|     ucode                         |     0.063 |
|       microcounter                |     0.063 |
+-----------------------------------+-----------+


